<?xml version="1.0" encoding="UTF-8"?>
<!-- Generated by org.testng.reporters.JUnitReportReporter -->
<testsuite hostname="DESKTOP-INPF4IA" failures="0" tests="1" name="cucumberOptions.testNGTestRunner" time="8.266" errors="0" timestamp="2024-03-16T02:36:56 CET" skipped="0">
  <testcase classname="cucumberOptions.testNGTestRunner" name="runScenario" time="8.266"/>
</testsuite> <!-- cucumberOptions.testNGTestRunner -->
