<?xml version="1.0" encoding="UTF-8"?>
<!-- Generated by org.testng.reporters.JUnitReportReporter -->
<testsuite hostname="DESKTOP-INPF4IA" failures="0" tests="1" name="cucumberOptions.testNGTestRunner" time="7.330" errors="0" timestamp="2024-03-16T03:22:56 CET" skipped="0">
  <testcase classname="cucumberOptions.testNGTestRunner" name="runScenario" time="7.330"/>
</testsuite> <!-- cucumberOptions.testNGTestRunner -->
